<?xml version="1.0" encoding="UTF-8"?>
<!-- Generated by org.testng.reporters.JUnitReportReporter -->
<testsuite hostname="hello-world" failures="0" tests="1" name="TestCalculator" time="0.017" errors="0" timestamp="06 Jun 2020 02:39:58 GMT" skipped="0">
  <testcase classname="TestCalculator" name="emptyStringReturnZero" time="0.017"/>
</testsuite> <!-- TestCalculator -->
