<?xml version="1.0" encoding="UTF-8"?>
<!-- Generated by org.testng.reporters.JUnitReportReporter -->
<testsuite hostname="hello-world" failures="0" tests="2" name="TestCalculator" time="0.013" errors="0" timestamp="06 Jun 2020 02:55:21 GMT" skipped="0">
  <testcase classname="TestCalculator" name="emptyStringReturnZero" time="0.011"/>
  <testcase classname="TestCalculator" name="singleValueReply" time="0.002"/>
</testsuite> <!-- TestCalculator -->
