<?xml version="1.0" encoding="UTF-8"?>
<!-- Generated by org.testng.reporters.JUnitReportReporter -->
<testsuite hostname="hello-world" failures="0" tests="6" name="TestCalculator" time="0.022" errors="0" timestamp="06 Jun 2020 05:33:11 GMT" skipped="0">
  <testcase classname="TestCalculator" name="addThreeNUmberWithDelimeterReturnSum" time="0.012"/>
  <testcase classname="TestCalculator" name="singleValueReply" time="0.002"/>
  <testcase classname="TestCalculator" name="emptyStringReturnZero" time="0.002"/>
  <testcase classname="TestCalculator" name="twonumbersLinechnageDelimeterReturnsum" time="0.002"/>
  <testcase classname="TestCalculator" name="twoNumbersCommaDelimeterReturnSum" time="0.002"/>
  <testcase classname="TestCalculator" name="negativeException" time="0.002"/>
</testsuite> <!-- TestCalculator -->
